http://svcs.ebay.com/services/search/FindingService/v1?keywords=constantine&OPERATION-NAME=findItemsByKeywords&SERVICE-VERSION=1.0.0&RESPONSE-DATA-FORMAT=xml&SECURITY-APPNAME=Mariokrl-testing-PRD-ee6e68035-e73c8a53
http://svcs.ebay.com/services/search/FindingService/v1?categoryId=23&OPERATION-NAME=findItemsByCategory&SERVICE-VERSION=1.0.0&RESPONSE-DATA-FORMAT=xml&SECURITY-APPNAME=Mariokrl-testing-PRD-ee6e68035-e73c8a53
http://svcs.ebay.com/services/search/FindingService/v1?categoryId=23&keywords=baseball&descriptionSearch=true&OPERATION-NAME=findItemsAdvanced&SERVICE-VERSION=1.0.0&RESPONSE-DATA-FORMAT=xml&SECURITY-APPNAME=Mariokrl-testing-PRD-ee6e68035-e73c8a53
http://svcs.ebay.com/services/search/FindingService/v1?keywords=hats&OPERATION-NAME=findItemsByKeywords&SERVICE-VERSION=1.0.0&RESPONSE-DATA-FORMAT=xml&SECURITY-APPNAME=Mariokrl-testing-PRD-ee6e68035-e73c8a53
http://svcs.ebay.com/services/search/FindingService/v1?keywords=harry+potter&OPERATION-NAME=findItemsByKeywords&SERVICE-VERSION=1.0.0&RESPONSE-DATA-FORMAT=xml&SECURITY-APPNAME=Mariokrl-testing-PRD-ee6e68035-e73c8a53
http://svcs.ebay.com/services/search/FindingService/v1?keywords=independence+day&OPERATION-NAME=findItemsByKeywords&SERVICE-VERSION=1.0.0&RESPONSE-DATA-FORMAT=xml&SECURITY-APPNAME=Mariokrl-testing-PRD-ee6e68035-e73c8a53
http://svcs.ebay.com/services/search/FindingService/v1?keywords=the+hunger+games&OPERATION-NAME=findItemsByKeywords&SERVICE-VERSION=1.0.0&RESPONSE-DATA-FORMAT=xml&SECURITY-APPNAME=Mariokrl-testing-PRD-ee6e68035-e73c8a53
http://svcs.ebay.com/services/search/FindingService/v1?keywords=constantine&OPERATION-NAME=findItemsByKeywords&SERVICE-VERSION=1.0.0&RESPONSE-DATA-FORMAT=xml&SECURITY-APPNAME=Mariokrl-testing-PRD-ee6e68035-e73c8a53
http://svcs.ebay.com/services/search/FindingService/v1?categoryId=23&OPERATION-NAME=findItemsByCategory&SERVICE-VERSION=1.0.0&RESPONSE-DATA-FORMAT=xml&SECURITY-APPNAME=Mariokrl-testing-PRD-ee6e68035-e73c8a53
http://svcs.ebay.com/services/search/FindingService/v1?categoryId=23&keywords=baseball&descriptionSearch=true&OPERATION-NAME=findItemsAdvanced&SERVICE-VERSION=1.0.0&RESPONSE-DATA-FORMAT=xml&SECURITY-APPNAME=Mariokrl-testing-PRD-ee6e68035-e73c8a53
http://svcs.ebay.com/services/search/FindingService/v1?keywords=hats&OPERATION-NAME=findItemsByKeywords&SERVICE-VERSION=1.0.0&RESPONSE-DATA-FORMAT=xml&SECURITY-APPNAME=Mariokrl-testing-PRD-ee6e68035-e73c8a53
http://svcs.ebay.com/services/search/FindingService/v1?keywords=harry+potter&OPERATION-NAME=findItemsByKeywords&SERVICE-VERSION=1.0.0&RESPONSE-DATA-FORMAT=xml&SECURITY-APPNAME=Mariokrl-testing-PRD-ee6e68035-e73c8a53
http://svcs.ebay.com/services/search/FindingService/v1?keywords=independence+day&OPERATION-NAME=findItemsByKeywords&SERVICE-VERSION=1.0.0&RESPONSE-DATA-FORMAT=xml&SECURITY-APPNAME=Mariokrl-testing-PRD-ee6e68035-e73c8a53
http://svcs.ebay.com/services/search/FindingService/v1?keywords=the+hunger+games&OPERATION-NAME=findItemsByKeywords&SERVICE-VERSION=1.0.0&RESPONSE-DATA-FORMAT=xml&SECURITY-APPNAME=Mariokrl-testing-PRD-ee6e68035-e73c8a53
http://svcs.ebay.com/services/search/FindingService/v1?keywords=constantine&OPERATION-NAME=findItemsByKeywords&SERVICE-VERSION=1.0.0&RESPONSE-DATA-FORMAT=xml&SECURITY-APPNAME=Mariokrl-testing-PRD-ee6e68035-e73c8a53
http://svcs.ebay.com/services/search/FindingService/v1?categoryId=23&OPERATION-NAME=findItemsByCategory&SERVICE-VERSION=1.0.0&RESPONSE-DATA-FORMAT=xml&SECURITY-APPNAME=Mariokrl-testing-PRD-ee6e68035-e73c8a53
http://svcs.ebay.com/services/search/FindingService/v1?categoryId=23&keywords=baseball&descriptionSearch=true&OPERATION-NAME=findItemsAdvanced&SERVICE-VERSION=1.0.0&RESPONSE-DATA-FORMAT=xml&SECURITY-APPNAME=Mariokrl-testing-PRD-ee6e68035-e73c8a53
http://svcs.ebay.com/services/search/FindingService/v1?keywords=hats&OPERATION-NAME=findItemsByKeywords&SERVICE-VERSION=1.0.0&RESPONSE-DATA-FORMAT=xml&SECURITY-APPNAME=Mariokrl-testing-PRD-ee6e68035-e73c8a53
http://svcs.ebay.com/services/search/FindingService/v1?keywords=harry+potter&OPERATION-NAME=findItemsByKeywords&SERVICE-VERSION=1.0.0&RESPONSE-DATA-FORMAT=xml&SECURITY-APPNAME=Mariokrl-testing-PRD-ee6e68035-e73c8a53
http://svcs.ebay.com/services/search/FindingService/v1?keywords=independence+day&OPERATION-NAME=findItemsByKeywords&SERVICE-VERSION=1.0.0&RESPONSE-DATA-FORMAT=xml&SECURITY-APPNAME=Mariokrl-testing-PRD-ee6e68035-e73c8a53
http://svcs.ebay.com/services/search/FindingService/v1?keywords=the+hunger+games&OPERATION-NAME=findItemsByKeywords&SERVICE-VERSION=1.0.0&RESPONSE-DATA-FORMAT=xml&SECURITY-APPNAME=Mariokrl-testing-PRD-ee6e68035-e73c8a53
http://svcs.ebay.com/services/search/FindingService/v1?keywords=constantine&OPERATION-NAME=findItemsByKeywords&SERVICE-VERSION=1.0.0&RESPONSE-DATA-FORMAT=xml&SECURITY-APPNAME=Mariokrl-testing-PRD-ee6e68035-e73c8a53
http://svcs.ebay.com/services/search/FindingService/v1?categoryId=23&OPERATION-NAME=findItemsByCategory&SERVICE-VERSION=1.0.0&RESPONSE-DATA-FORMAT=xml&SECURITY-APPNAME=Mariokrl-testing-PRD-ee6e68035-e73c8a53
http://svcs.ebay.com/services/search/FindingService/v1?categoryId=23&keywords=baseball&descriptionSearch=true&OPERATION-NAME=findItemsAdvanced&SERVICE-VERSION=1.0.0&RESPONSE-DATA-FORMAT=xml&SECURITY-APPNAME=Mariokrl-testing-PRD-ee6e68035-e73c8a53
http://svcs.ebay.com/services/search/FindingService/v1?keywords=harry+potter&OPERATION-NAME=findItemsByKeywords&SERVICE-VERSION=1.0.0&RESPONSE-DATA-FORMAT=xml&SECURITY-APPNAME=Mariokrl-testing-PRD-ee6e68035-e73c8a53
http://svcs.ebay.com/services/search/FindingService/v1?SECURITY-APPNAME=Mariokrl-testing-PRD-ee6e68035-e73c8a53&OPERATION-NAME=findItemsByKeywords&SERVICE-VERSION=1.0.0&RESPONSE-DATA-FORMAT=xml&GLOBAL-ID=EBAY-US&keywords=constantine
http://svcs.ebay.com/services/search/FindingService/v1?SECURITY-APPNAME=Mariokrl-testing-PRD-ee6e68035-e73c8a53&OPERATION-NAME=findItemsByKeywords&SERVICE-VERSION=1.0.0&RESPONSE-DATA-FORMAT=xml&GLOBAL-ID=EBAY-US&keywords=harry+potter&itemFilter(0).name=BestOfferOnly&itemFilter(0).value=true&itemFilter(1).name=Currency&itemFilter(1).value=AUD&outputSelector(0)=StoreInfo&outputSelector(1)=CategoryHistogram
http://svcs.ebay.com/services/search/FindingService/v1?SECURITY-APPNAME=Mariokrl-testing-PRD-ee6e68035-e73c8a53&OPERATION-NAME=findItemsByKeywords&SERVICE-VERSION=1.0.0&RESPONSE-DATA-FORMAT=xml&GLOBAL-ID=EBAY-US&keywords=constantine
http://svcs.ebay.com/services/search/FindingService/v1?SECURITY-APPNAME=Mariokrl-testing-PRD-ee6e68035-e73c8a53&OPERATION-NAME=findItemsByKeywords&SERVICE-VERSION=1.0.0&RESPONSE-DATA-FORMAT=xml&GLOBAL-ID=EBAY-US&keywords=harry+potter&itemFilter(0).name=BestOfferOnly&itemFilter(0).value=true&itemFilter(1).name=Currency&itemFilter(1).value=AUD&outputSelector(0)=StoreInfo&outputSelector(1)=CategoryHistogram
http://svcs.ebay.com/services/search/FindingService/v1?SECURITY-APPNAME=Mariokrl-testing-PRD-ee6e68035-e73c8a53&OPERATION-NAME=findItemsByKeywords&SERVICE-VERSION=1.0.0&RESPONSE-DATA-FORMAT=xml&GLOBAL-ID=EBAY-US&keywords=constantine
http://svcs.ebay.com/services/search/FindingService/v1?SECURITY-APPNAME=Mariokrl-testing-PRD-ee6e68035-e73c8a53&OPERATION-NAME=findItemsByKeywords&SERVICE-VERSION=1.0.0&RESPONSE-DATA-FORMAT=xml&GLOBAL-ID=EBAY-US&keywords=harry+potter&itemFilter(0).name=BestOfferOnly&itemFilter(0).value=true&itemFilter(1).name=Currency&itemFilter(1).value=AUD&outputSelector(0)=StoreInfo&outputSelector(1)=CategoryHistogram
